#
# A fatal error has been detected by the Java Runtime Environment:
#
#  EXCEPTION_ACCESS_VIOLATION (0xc0000005) at pc=0x000000006e9c6ffc, pid=7592, tid=0x0000000000001a78
#
# JRE version: Java(TM) SE Runtime Environment (8.0_181-b13) (build 1.8.0_181-b13)
# Java VM: Java HotSpot(TM) 64-Bit Server VM (25.181-b13 mixed mode windows-amd64 compressed oops)
# Problematic frame:
# V  [jvm.dll+0xf6ffc]
#
# Failed to write core dump. Minidumps are not enabled by default on client versions of Windows
#
# If you would like to submit a bug report, please visit:
#   http://bugreport.java.com/bugreport/crash.jsp
#

---------------  T H R E A D  ---------------

Current thread (0x0000000017f09800):  VMThread [stack: 0x0000000019c00000,0x0000000019d00000] [id=6776]

siginfo: ExceptionCode=0xc0000005, reading address 0x00000000006a002c

Registers:
RAX=0x00000000006a001c, RBX=0x000000001cae5050, RCX=0x00000000000000e3, RDX=0x0000000000000069
RSP=0x0000000019cff398, RBP=0x0000000019cff4a0, RSI=0x00000000000000bb, RDI=0x0000000000000069
R8 =0x0000000002eb9470, R9 =0x0000000000000003, R10=0x0000000000000003, R11=0x000000001fda2ce0
R12=0x0000000019cff530, R13=0x0000000019cff520, R14=0x0000000000000000, R15=0x0000000000000001
RIP=0x000000006e9c6ffc, EFLAGS=0x0000000000010202

Top of Stack: (sp=0x0000000019cff398)
0x0000000019cff398:   000000006eaa4f76 00000000006a001c
0x0000000019cff3a8:   0000000000000069 00000000000000bb
0x0000000019cff3b8:   0000000019f68680 00000000036b0620
0x0000000019cff3c8:   00000000036b0160 00000000036b0218
0x0000000019cff3d8:   000000006ebd068e 00000000036b061f
0x0000000019cff3e8:   00007fff0000000a 00000000036b0158
0x0000000019cff3f8:   00007fff83010000 00000000036b0220
0x0000000019cff408:   000000006e96198d 0000c0f9729e1661
0x0000000019cff418:   00000000036b0220 0000c0f9729e1771
0x0000000019cff428:   0000000019f69d10 0000000002fd61a0
0x0000000019cff438:   000000006e9646a5 0000000017f08420
0x0000000019cff448:   000000006e96fbce 0000000019f70668
0x0000000019cff458:   0000000000000218 000000001daae668
0x0000000019cff468:   0000000000000000 0000000000000000
0x0000000019cff478:   000000006e96fead 0000000019cff540
0x0000000019cff488:   00000000036b0e50 000000001daae668 

Instructions: (pc=0x000000006e9c6ffc)
0x000000006e9c6fdc:   5f c3 cc cc 48 63 c2 48 8b 44 c1 50 48 89 44 24
0x000000006e9c6fec:   08 48 8b 44 24 08 0f b6 c8 f6 d1 f6 c1 01 74 05
0x000000006e9c6ffc:   48 8b 40 10 c3 48 83 e0 fe c3 cc cc cc cc cc cc
0x000000006e9c700c:   cc cc cc cc 48 89 54 24 10 49 63 c0 48 8b 44 c1 


Register to memory mapping:

RAX=0x00000000006a001c is an unknown value
RBX=0x000000001cae5050 is an unknown value
RCX=0x00000000000000e3 is an unknown value
RDX=0x0000000000000069 is an unknown value
RSP=0x0000000019cff398 is an unknown value
RBP=0x0000000019cff4a0 is an unknown value
RSI=0x00000000000000bb is an unknown value
RDI=0x0000000000000069 is an unknown value
R8 =0x0000000002eb9470 is an unknown value
R9 =0x0000000000000003 is an unknown value
R10=0x0000000000000003 is an unknown value
R11=0x000000001fda2ce0 is pointing into metadata
R12=0x0000000019cff530 is an unknown value
R13=0x0000000019cff520 is an unknown value
R14=0x0000000000000000 is an unknown value
R15=0x0000000000000001 is an unknown value


Stack: [0x0000000019c00000,0x0000000019d00000],  sp=0x0000000019cff398,  free space=1020k
Native frames: (J=compiled Java code, j=interpreted, Vv=VM code, C=native code)
V  [jvm.dll+0xf6ffc]

VM_Operation (0x000000001a5ff390): RedefineClasses, mode: safepoint, requested by thread 0x0000000019ea1000, redefining class edu.swjtuhc.demo.controller.TuserController



---------------  P R O C E S S  ---------------

Java Threads: ( => current thread )
  0x000000001cb71800 JavaThread "HikariPool-1 housekeeper" daemon [_thread_blocked, id=16528, stack(0x000000001bfb0000,0x000000001c0b0000)]
  0x000000001cb6a800 JavaThread "DestroyJavaVM" [_thread_blocked, id=8732, stack(0x0000000002d90000,0x0000000002e90000)]
  0x000000001cb6d800 JavaThread "http-nio-8080-Acceptor" daemon [_thread_in_native, id=16720, stack(0x000000001f680000,0x000000001f780000)]
  0x000000001cb70800 JavaThread "http-nio-8080-ClientPoller" daemon [_thread_in_native, id=15604, stack(0x000000001f580000,0x000000001f680000)]
  0x000000001cb6a000 JavaThread "http-nio-8080-exec-10" daemon [_thread_blocked, id=10336, stack(0x000000001f480000,0x000000001f580000)]
  0x000000001b037000 JavaThread "http-nio-8080-exec-9" daemon [_thread_blocked, id=1316, stack(0x000000001f380000,0x000000001f480000)]
  0x000000001b036800 JavaThread "http-nio-8080-exec-8" daemon [_thread_blocked, id=16072, stack(0x000000001f280000,0x000000001f380000)]
  0x000000001b035800 JavaThread "http-nio-8080-exec-7" daemon [_thread_blocked, id=18260, stack(0x000000001f180000,0x000000001f280000)]
  0x000000001b035000 JavaThread "http-nio-8080-exec-6" daemon [_thread_blocked, id=18064, stack(0x000000001f080000,0x000000001f180000)]
  0x000000001b034000 JavaThread "http-nio-8080-exec-5" daemon [_thread_blocked, id=16692, stack(0x000000001ef80000,0x000000001f080000)]
  0x000000001b03b000 JavaThread "http-nio-8080-exec-4" daemon [_thread_blocked, id=16680, stack(0x000000001ee80000,0x000000001ef80000)]
  0x000000001b03a000 JavaThread "http-nio-8080-exec-3" daemon [_thread_blocked, id=13700, stack(0x000000001ed80000,0x000000001ee80000)]
  0x000000001b038000 JavaThread "http-nio-8080-exec-2" daemon [_thread_blocked, id=17308, stack(0x000000001ec80000,0x000000001ed80000)]
  0x000000001b038800 JavaThread "http-nio-8080-exec-1" daemon [_thread_blocked, id=2012, stack(0x000000001eb80000,0x000000001ec80000)]
  0x000000001b039800 JavaThread "http-nio-8080-BlockPoller" daemon [_thread_blocked, id=14408, stack(0x000000001ea80000,0x000000001eb80000)]
  0x000000001cf7b800 JavaThread "mysql-cj-abandoned-connection-cleanup" daemon [_thread_blocked, id=17704, stack(0x000000001e380000,0x000000001e480000)]
  0x000000001cf47000 JavaThread "container-0" [_thread_blocked, id=17768, stack(0x000000001e280000,0x000000001e380000)]
  0x000000001cf46800 JavaThread "Catalina-utility-2" [_thread_blocked, id=9104, stack(0x000000001e180000,0x000000001e280000)]
  0x000000001cf0c000 JavaThread "Catalina-utility-1" [_thread_blocked, id=18416, stack(0x000000001c0b0000,0x000000001c1b0000)]
  0x000000001b11f800 JavaThread "RMI Scheduler(0)" daemon [_thread_blocked, id=7880, stack(0x000000001bdb0000,0x000000001beb0000)]
  0x000000001afe5000 JavaThread "RMI TCP Accept-0" daemon [_thread_in_native, id=16096, stack(0x000000001b700000,0x000000001b800000)]
  0x000000001af71800 JavaThread "RMI TCP Accept-58623" daemon [_thread_in_native, id=5476, stack(0x000000001b600000,0x000000001b700000)]
  0x000000001af68800 JavaThread "RMI TCP Accept-0" daemon [_thread_in_native, id=15660, stack(0x000000001b500000,0x000000001b600000)]
  0x0000000019f57800 JavaThread "Service Thread" daemon [_thread_blocked, id=16664, stack(0x000000001ac00000,0x000000001ad00000)]
  0x0000000019ee6000 JavaThread "C1 CompilerThread3" daemon [_thread_blocked, id=16344, stack(0x000000001ab00000,0x000000001ac00000)]
  0x0000000019ec5800 JavaThread "C2 CompilerThread2" daemon [_thread_blocked, id=17528, stack(0x000000001aa00000,0x000000001ab00000)]
  0x0000000019ec4800 JavaThread "C2 CompilerThread1" daemon [_thread_blocked, id=17608, stack(0x000000001a900000,0x000000001aa00000)]
  0x0000000019ebf000 JavaThread "C2 CompilerThread0" daemon [_thread_blocked, id=15744, stack(0x000000001a800000,0x000000001a900000)]
  0x0000000019eaa800 JavaThread "JDWP Command Reader" daemon [_thread_in_native, id=10256, stack(0x000000001a700000,0x000000001a800000)]
  0x0000000019ea9000 JavaThread "JDWP Event Helper Thread" daemon [_thread_blocked, id=3784, stack(0x000000001a600000,0x000000001a700000)]
  0x0000000019ea1000 JavaThread "JDWP Transport Listener: dt_socket" daemon [_thread_blocked, id=2676, stack(0x000000001a500000,0x000000001a600000)]
  0x0000000019e9c800 JavaThread "Attach Listener" daemon [_thread_blocked, id=9872, stack(0x000000001a400000,0x000000001a500000)]
  0x0000000019e47000 JavaThread "Signal Dispatcher" daemon [_thread_blocked, id=17248, stack(0x000000001a300000,0x000000001a400000)]
  0x0000000002f8d800 JavaThread "Finalizer" daemon [_thread_blocked, id=18100, stack(0x000000001a200000,0x000000001a300000)]
  0x0000000017f0d800 JavaThread "Reference Handler" daemon [_thread_blocked, id=14364, stack(0x0000000019d00000,0x0000000019e00000)]

Other Threads:
=>0x0000000017f09800 VMThread [stack: 0x0000000019c00000,0x0000000019d00000] [id=6776]
  0x000000001af82800 WatcherThread [stack: 0x000000001b800000,0x000000001b900000] [id=17908]

VM state:at safepoint (normal execution)

VM Mutex/Monitor currently owned by a thread:  ([mutex/lock_event])
[0x0000000002e921b0] Threads_lock - owner thread: 0x0000000017f09800

Heap:
 PSYoungGen      total 131072K, used 57067K [0x00000000d5f00000, 0x00000000e4500000, 0x0000000100000000)
  eden space 119808K, 47% used [0x00000000d5f00000,0x00000000d96bade8,0x00000000dd400000)
  from space 11264K, 0% used [0x00000000dd400000,0x00000000dd400000,0x00000000ddf00000)
  to   space 11264K, 0% used [0x00000000e3a00000,0x00000000e3a00000,0x00000000e4500000)
 ParOldGen       total 70656K, used 13259K [0x0000000081c00000, 0x0000000086100000, 0x00000000d5f00000)
  object space 70656K, 18% used [0x0000000081c00000,0x00000000828f2f40,0x0000000086100000)
 Metaspace       used 39421K, capacity 41690K, committed 41856K, reserved 1085440K
  class space    used 5237K, capacity 5658K, committed 5760K, reserved 1048576K

Card table byte_map: [0x0000000012350000,0x0000000012750000] byte_map_base: 0x0000000011f42000

Marking Bits: (ParMarkBitMap*) 0x000000006f0f2d00
 Begin Bits: [0x0000000013200000, 0x0000000015190000)
 End Bits:   [0x0000000015190000, 0x0000000017120000)

Polling page: 0x0000000000c60000

CodeCache: size=245760Kb used=7294Kb max_used=7294Kb free=238465Kb
 bounds [0x0000000002f90000, 0x00000000036c0000, 0x0000000011f90000]
 total_blobs=4118 nmethods=3629 adapters=409
 compilation: enabled

Compilation events (10 events):
Event: 306.707 Thread 0x0000000019ee6000 3681   !   1       java.util.concurrent.FutureTask::runAndReset (128 bytes)
Event: 306.709 Thread 0x0000000019ee6000 nmethod 3681 0x00000000036aedd0 code [0x00000000036aef60, 0x00000000036af338]
Event: 306.709 Thread 0x0000000019ee6000 3682       1       java.util.concurrent.ScheduledThreadPoolExecutor$ScheduledFutureTask::setNextRunTime (38 bytes)
Event: 306.709 Thread 0x0000000019ee6000 nmethod 3682 0x00000000036af550 code [0x00000000036af6c0, 0x00000000036af8c8]
Event: 306.709 Thread 0x0000000019ee6000 3683       1       java.util.concurrent.ScheduledThreadPoolExecutor::reExecutePeriodic (51 bytes)
Event: 306.711 Thread 0x0000000019ee6000 nmethod 3683 0x00000000036af9d0 code [0x00000000036afb60, 0x00000000036afe48]
Event: 307.762 Thread 0x0000000019ee6000 3684       1       java.util.concurrent.locks.AbstractQueuedSynchronizer$ConditionObject::await (98 bytes)
Event: 307.766 Thread 0x0000000019ee6000 nmethod 3684 0x00000000036b0010 code [0x00000000036b0220, 0x00000000036b0848]
Event: 326.770 Thread 0x0000000019ee6000 3685       1       org.apache.catalina.core.ContainerBase::getBackgroundProcessorDelay (5 bytes)
Event: 326.770 Thread 0x0000000019ee6000 nmethod 3685 0x00000000036b0e50 code [0x00000000036b0fa0, 0x00000000036b10b0]

GC Heap History (10 events):
Event: 3.939 GC heap before
{Heap before GC invocations=5 (full 1):
 PSYoungGen      total 71680K, used 5114K [0x00000000d5f00000, 0x00000000daa00000, 0x0000000100000000)
  eden space 66560K, 0% used [0x00000000d5f00000,0x00000000d5f00000,0x00000000da000000)
  from space 5120K, 99% used [0x00000000da500000,0x00000000da9feb48,0x00000000daa00000)
  to   space 5120K, 0% used [0x00000000da000000,0x00000000da000000,0x00000000da500000)
 ParOldGen       total 87552K, used 6308K [0x0000000081c00000, 0x0000000087180000, 0x00000000d5f00000)
  object space 87552K, 7% used [0x0000000081c00000,0x0000000082229340,0x0000000087180000)
 Metaspace       used 20503K, capacity 21242K, committed 21296K, reserved 1067008K
  class space    used 2733K, capacity 2927K, committed 2944K, reserved 1048576K
Event: 3.971 GC heap after
Heap after GC invocations=5 (full 1):
 PSYoungGen      total 71680K, used 0K [0x00000000d5f00000, 0x00000000daa00000, 0x0000000100000000)
  eden space 66560K, 0% used [0x00000000d5f00000,0x00000000d5f00000,0x00000000da000000)
  from space 5120K, 0% used [0x00000000da500000,0x00000000da500000,0x00000000daa00000)
  to   space 5120K, 0% used [0x00000000da000000,0x00000000da000000,0x00000000da500000)
 ParOldGen       total 48128K, used 5574K [0x0000000081c00000, 0x0000000084b00000, 0x00000000d5f00000)
  object space 48128K, 11% used [0x0000000081c00000,0x0000000082171900,0x0000000084b00000)
 Metaspace       used 20501K, capacity 21236K, committed 21296K, reserved 1067008K
  class space    used 2732K, capacity 2926K, committed 2944K, reserved 1048576K
}
Event: 5.791 GC heap before
{Heap before GC invocations=6 (full 1):
 PSYoungGen      total 71680K, used 66560K [0x00000000d5f00000, 0x00000000daa00000, 0x0000000100000000)
  eden space 66560K, 100% used [0x00000000d5f00000,0x00000000da000000,0x00000000da000000)
  from space 5120K, 0% used [0x00000000da500000,0x00000000da500000,0x00000000daa00000)
  to   space 5120K, 0% used [0x00000000da000000,0x00000000da000000,0x00000000da500000)
 ParOldGen       total 48128K, used 5574K [0x0000000081c00000, 0x0000000084b00000, 0x00000000d5f00000)
  object space 48128K, 11% used [0x0000000081c00000,0x0000000082171900,0x0000000084b00000)
 Metaspace       used 24811K, capacity 25866K, committed 25984K, reserved 1071104K
  class space    used 3352K, capacity 3621K, committed 3712K, reserved 1048576K
Event: 5.802 GC heap after
Heap after GC invocations=6 (full 1):
 PSYoungGen      total 71680K, used 5101K [0x00000000d5f00000, 0x00000000de900000, 0x0000000100000000)
  eden space 66560K, 0% used [0x00000000d5f00000,0x00000000d5f00000,0x00000000da000000)
  from space 5120K, 99% used [0x00000000da000000,0x00000000da4fb7b0,0x00000000da500000)
  to   space 9728K, 0% used [0x00000000ddf80000,0x00000000ddf80000,0x00000000de900000)
 ParOldGen       total 48128K, used 7949K [0x0000000081c00000, 0x0000000084b00000, 0x00000000d5f00000)
  object space 48128K, 16% used [0x0000000081c00000,0x00000000823c34d8,0x0000000084b00000)
 Metaspace       used 24811K, capacity 25866K, committed 25984K, reserved 1071104K
  class space    used 3352K, capacity 3621K, committed 3712K, reserved 1048576K
}
Event: 7.083 GC heap before
{Heap before GC invocations=7 (full 1):
 PSYoungGen      total 71680K, used 71661K [0x00000000d5f00000, 0x00000000de900000, 0x0000000100000000)
  eden space 66560K, 100% used [0x00000000d5f00000,0x00000000da000000,0x00000000da000000)
  from space 5120K, 99% used [0x00000000da000000,0x00000000da4fb7b0,0x00000000da500000)
  to   space 9728K, 0% used [0x00000000ddf80000,0x00000000ddf80000,0x00000000de900000)
 ParOldGen       total 48128K, used 7949K [0x0000000081c00000, 0x0000000084b00000, 0x00000000d5f00000)
  object space 48128K, 16% used [0x0000000081c00000,0x00000000823c34d8,0x0000000084b00000)
 Metaspace       used 32088K, capacity 33766K, committed 33920K, reserved 1079296K
  class space    used 4333K, capacity 4677K, committed 4736K, reserved 1048576K
Event: 7.093 GC heap after
Heap after GC invocations=7 (full 1):
 PSYoungGen      total 129536K, used 9704K [0x00000000d5f00000, 0x00000000dea00000, 0x0000000100000000)
  eden space 119808K, 0% used [0x00000000d5f00000,0x00000000d5f00000,0x00000000dd400000)
  from space 9728K, 99% used [0x00000000ddf80000,0x00000000de8fa108,0x00000000de900000)
  to   space 11264K, 0% used [0x00000000dd400000,0x00000000dd400000,0x00000000ddf00000)
 ParOldGen       total 48128K, used 8219K [0x0000000081c00000, 0x0000000084b00000, 0x00000000d5f00000)
  object space 48128K, 17% used [0x0000000081c00000,0x0000000082406cc8,0x0000000084b00000)
 Metaspace       used 32088K, capacity 33766K, committed 33920K, reserved 1079296K
  class space    used 4333K, capacity 4677K, committed 4736K, reserved 1048576K
}
Event: 7.488 GC heap before
{Heap before GC invocations=8 (full 1):
 PSYoungGen      total 129536K, used 41147K [0x00000000d5f00000, 0x00000000dea00000, 0x0000000100000000)
  eden space 119808K, 26% used [0x00000000d5f00000,0x00000000d7db4e80,0x00000000dd400000)
  from space 9728K, 99% used [0x00000000ddf80000,0x00000000de8fa108,0x00000000de900000)
  to   space 11264K, 0% used [0x00000000dd400000,0x00000000dd400000,0x00000000ddf00000)
 ParOldGen       total 48128K, used 8219K [0x0000000081c00000, 0x0000000084b00000, 0x00000000d5f00000)
  object space 48128K, 17% used [0x0000000081c00000,0x0000000082406cc8,0x0000000084b00000)
 Metaspace       used 33518K, capacity 35346K, committed 35496K, reserved 1079296K
  class space    used 4530K, capacity 4873K, committed 4992K, reserved 1048576K
Event: 7.496 GC heap after
Heap after GC invocations=8 (full 1):
 PSYoungGen      total 131072K, used 8637K [0x00000000d5f00000, 0x00000000e4500000, 0x0000000100000000)
  eden space 119808K, 0% used [0x00000000d5f00000,0x00000000d5f00000,0x00000000dd400000)
  from space 11264K, 76% used [0x00000000dd400000,0x00000000ddc6f760,0x00000000ddf00000)
  to   space 11264K, 0% used [0x00000000e3a00000,0x00000000e3a00000,0x00000000e4500000)
 ParOldGen       total 48128K, used 8227K [0x0000000081c00000, 0x0000000084b00000, 0x00000000d5f00000)
  object space 48128K, 17% used [0x0000000081c00000,0x0000000082408cc8,0x0000000084b00000)
 Metaspace       used 33518K, capacity 35346K, committed 35496K, reserved 1079296K
  class space    used 4530K, capacity 4873K, committed 4992K, reserved 1048576K
}
Event: 7.496 GC heap before
{Heap before GC invocations=9 (full 2):
 PSYoungGen      total 131072K, used 8637K [0x00000000d5f00000, 0x00000000e4500000, 0x0000000100000000)
  eden space 119808K, 0% used [0x00000000d5f00000,0x00000000d5f00000,0x00000000dd400000)
  from space 11264K, 76% used [0x00000000dd400000,0x00000000ddc6f760,0x00000000ddf00000)
  to   space 11264K, 0% used [0x00000000e3a00000,0x00000000e3a00000,0x00000000e4500000)
 ParOldGen       total 48128K, used 8227K [0x0000000081c00000, 0x0000000084b00000, 0x00000000d5f00000)
  object space 48128K, 17% used [0x0000000081c00000,0x0000000082408cc8,0x0000000084b00000)
 Metaspace       used 33518K, capacity 35346K, committed 35496K, reserved 1079296K
  class space    used 4530K, capacity 4873K, committed 4992K, reserved 1048576K
Event: 7.591 GC heap after
Heap after GC invocations=9 (full 2):
 PSYoungGen      total 131072K, used 0K [0x00000000d5f00000, 0x00000000e4500000, 0x0000000100000000)
  eden space 119808K, 0% used [0x00000000d5f00000,0x00000000d5f00000,0x00000000dd400000)
  from space 11264K, 0% used [0x00000000dd400000,0x00000000dd400000,0x00000000ddf00000)
  to   space 11264K, 0% used [0x00000000e3a00000,0x00000000e3a00000,0x00000000e4500000)
 ParOldGen       total 70656K, used 13259K [0x0000000081c00000, 0x0000000086100000, 0x00000000d5f00000)
  object space 70656K, 18% used [0x0000000081c00000,0x00000000828f2f40,0x0000000086100000)
 Metaspace       used 33518K, capacity 35346K, committed 35496K, reserved 1079296K
  class space    used 4530K, capacity 4873K, committed 4992K, reserved 1048576K
}

Deoptimization events (0 events):
No events

Classes redefined (0 events):
No events

Internal exceptions (10 events):
Event: 33.148 Thread 0x000000001b0f4800 Exception <a 'java/lang/ClassNotFoundException': org/springframework/context/support/LiveBeansView> (0x00000000d8d26f40) thrown at [C:\re\workspace\8-2-build-windows-amd64-cygwin\jdk8u181\11358\hotspot\src\share\vm\classfile\systemDictionary.cpp, line 210
Event: 33.148 Thread 0x000000001b0f4800 Exception <a 'java/lang/ClassNotFoundException': org/springframework/context/support/LiveBeansView> (0x00000000d8d27260) thrown at [C:\re\workspace\8-2-build-windows-amd64-cygwin\jdk8u181\11358\hotspot\src\share\vm\classfile\systemDictionary.cpp, line 210
Event: 33.148 Thread 0x000000001b0f4800 Exception <a 'java/lang/ClassNotFoundException': org/springframework/context/support/LiveBeansView> (0x00000000d8d27598) thrown at [C:\re\workspace\8-2-build-windows-amd64-cygwin\jdk8u181\11358\hotspot\src\share\vm\classfile\systemDictionary.cpp, line 210
Event: 33.148 Thread 0x000000001b0f4800 Exception <a 'java/lang/ClassNotFoundException': org/springframework/context/support/LiveBeansView> (0x00000000d8d278c8) thrown at [C:\re\workspace\8-2-build-windows-amd64-cygwin\jdk8u181\11358\hotspot\src\share\vm\classfile\systemDictionary.cpp, line 210
Event: 33.148 Thread 0x000000001b0f4800 Exception <a 'java/lang/ClassNotFoundException': org/springframework/context/support/LiveBeansView> (0x00000000d8d27ce8) thrown at [C:\re\workspace\8-2-build-windows-amd64-cygwin\jdk8u181\11358\hotspot\src\share\vm\classfile\systemDictionary.cpp, line 210
Event: 33.149 Thread 0x000000001b0f4800 Exception <a 'java/lang/ClassNotFoundException': org/springframework/context/support/LiveBeansView> (0x00000000d8d28018) thrown at [C:\re\workspace\8-2-build-windows-amd64-cygwin\jdk8u181\11358\hotspot\src\share\vm\classfile\systemDictionary.cpp, line 210
Event: 33.149 Thread 0x000000001b0f4800 Exception <a 'java/lang/ClassNotFoundException': org/springframework/context/support/LiveBeansView> (0x00000000d8d28378) thrown at [C:\re\workspace\8-2-build-windows-amd64-cygwin\jdk8u181\11358\hotspot\src\share\vm\classfile\systemDictionary.cpp, line 210
Event: 33.152 Thread 0x000000001b0f4800 Exception <a 'java/lang/ClassNotFoundException': org/springframework/context/support/LiveBeansView> (0x00000000d8d49010) thrown at [C:\re\workspace\8-2-build-windows-amd64-cygwin\jdk8u181\11358\hotspot\src\share\vm\classfile\systemDictionary.cpp, line 210
Event: 33.152 Thread 0x000000001b0f4800 Exception <a 'java/lang/ClassNotFoundException': org/springframework/context/support/LiveBeansView> (0x00000000d8d49368) thrown at [C:\re\workspace\8-2-build-windows-amd64-cygwin\jdk8u181\11358\hotspot\src\share\vm\classfile\systemDictionary.cpp, line 210
Event: 33.152 Thread 0x000000001b0f4800 Exception <a 'java/lang/ClassNotFoundException': org/springframework/context/support/LiveBeansView> (0x00000000d8d49778) thrown at [C:\re\workspace\8-2-build-windows-amd64-cygwin\jdk8u181\11358\hotspot\src\share\vm\classfile\systemDictionary.cpp, line 210

Events (10 events):
Event: 66.713 loading class org/apache/catalina/Session
Event: 66.713 loading class org/apache/catalina/Session done
Event: 66.713 Thread 0x000000001cf46800 DEOPT PACKING pc=0x00000000031b0989 sp=0x000000001e27d380
Event: 66.713 Thread 0x000000001cf46800 DEOPT UNPACKING pc=0x0000000002fd7890 sp=0x000000001e27d0d0 mode 1
Event: 66.713 Thread 0x000000001cf46800 DEOPT PACKING pc=0x0000000003665274 sp=0x000000001e27d400
Event: 66.713 Thread 0x000000001cf46800 DEOPT UNPACKING pc=0x0000000002fd7890 sp=0x000000001e27d220 mode 1
Event: 66.713 Thread 0x000000001cf46800 DEOPT PACKING pc=0x00000000036651bc sp=0x000000001e27d590
Event: 66.713 Thread 0x000000001cf46800 DEOPT UNPACKING pc=0x0000000002fd7890 sp=0x000000001e27d3b0 mode 1
Event: 165.886 Thread 0x000000001b0f4800 Thread exited: 0x000000001b0f4800
Event: 334.436 Executing VM operation: RedefineClasses


Dynamic libraries:
0x00007ff700ea0000 - 0x00007ff700ed7000 	C:\Program Files\Java\jdk1.8.0_181\bin\javaw.exe
0x00007fff83e00000 - 0x00007fff83ff0000 	C:\WINDOWS\SYSTEM32\ntdll.dll
0x00007fff81eb0000 - 0x00007fff81f62000 	C:\WINDOWS\System32\KERNEL32.DLL
0x00007fff81030000 - 0x00007fff812d3000 	C:\WINDOWS\System32\KERNELBASE.dll
0x00007fff82080000 - 0x00007fff82123000 	C:\WINDOWS\System32\ADVAPI32.dll
0x00007fff82390000 - 0x00007fff8242e000 	C:\WINDOWS\System32\msvcrt.dll
0x00007fff82e20000 - 0x00007fff82eb7000 	C:\WINDOWS\System32\sechost.dll
0x00007fff83770000 - 0x00007fff83890000 	C:\WINDOWS\System32\RPCRT4.dll
0x00007fff835d0000 - 0x00007fff83764000 	C:\WINDOWS\System32\USER32.dll
0x00007fff81380000 - 0x00007fff813a1000 	C:\WINDOWS\System32\win32u.dll
0x00007fff82d10000 - 0x00007fff82d36000 	C:\WINDOWS\System32\GDI32.dll
0x00007fff80d90000 - 0x00007fff80f24000 	C:\WINDOWS\System32\gdi32full.dll
0x00007fff81e10000 - 0x00007fff81eae000 	C:\WINDOWS\System32\msvcp_win.dll
0x00007fff80f30000 - 0x00007fff8102a000 	C:\WINDOWS\System32\ucrtbase.dll
0x00007fff6d430000 - 0x00007fff6d6b5000 	C:\WINDOWS\WinSxS\amd64_microsoft.windows.common-controls_6595b64144ccf1df_6.0.18362.535_none_e6c3b34713100821\COMCTL32.dll
0x00007fff82430000 - 0x00007fff82766000 	C:\WINDOWS\System32\combase.dll
0x00007fff81300000 - 0x00007fff81380000 	C:\WINDOWS\System32\bcryptPrimitives.dll
0x00007fff83d10000 - 0x00007fff83d3e000 	C:\WINDOWS\System32\IMM32.DLL
0x000000006e4f0000 - 0x000000006e5c2000 	C:\Program Files\Java\jdk1.8.0_181\jre\bin\msvcr100.dll
0x000000006e8d0000 - 0x000000006f172000 	C:\Program Files\Java\jdk1.8.0_181\jre\bin\server\jvm.dll
0x00007fff82a00000 - 0x00007fff82a08000 	C:\WINDOWS\System32\PSAPI.DLL
0x00007fff7b190000 - 0x00007fff7b19a000 	C:\WINDOWS\SYSTEM32\VERSION.dll
0x00007fff6af20000 - 0x00007fff6af29000 	C:\WINDOWS\SYSTEM32\WSOCK32.dll
0x00007fff7dc30000 - 0x00007fff7dc54000 	C:\WINDOWS\SYSTEM32\WINMM.dll
0x00007fff82d40000 - 0x00007fff82daf000 	C:\WINDOWS\System32\WS2_32.dll
0x00007fff7dc00000 - 0x00007fff7dc2d000 	C:\WINDOWS\SYSTEM32\winmmbase.dll
0x00007fff81dc0000 - 0x00007fff81e0a000 	C:\WINDOWS\System32\cfgmgr32.dll
0x000000006f4c0000 - 0x000000006f4cf000 	C:\Program Files\Java\jdk1.8.0_181\jre\bin\verify.dll
0x000000006f490000 - 0x000000006f4b9000 	C:\Program Files\Java\jdk1.8.0_181\jre\bin\java.dll
0x000000006e260000 - 0x000000006e295000 	C:\Program Files\Java\jdk1.8.0_181\jre\bin\jdwp.dll
0x000000006e250000 - 0x000000006e258000 	C:\Program Files\Java\jdk1.8.0_181\jre\bin\npt.dll
0x000000006f470000 - 0x000000006f486000 	C:\Program Files\Java\jdk1.8.0_181\jre\bin\zip.dll
0x00007fff82ec0000 - 0x00007fff835a5000 	C:\WINDOWS\System32\SHELL32.dll
0x00007fff81f70000 - 0x00007fff82019000 	C:\WINDOWS\System32\shcore.dll
0x00007fff81460000 - 0x00007fff81bdf000 	C:\WINDOWS\System32\windows.storage.dll
0x00007fff80d50000 - 0x00007fff80d6f000 	C:\WINDOWS\System32\profapi.dll
0x00007fff80ce0000 - 0x00007fff80d2a000 	C:\WINDOWS\System32\powrprof.dll
0x00007fff80cd0000 - 0x00007fff80ce0000 	C:\WINDOWS\System32\UMPDC.dll
0x00007fff82020000 - 0x00007fff82072000 	C:\WINDOWS\System32\shlwapi.dll
0x00007fff80d30000 - 0x00007fff80d41000 	C:\WINDOWS\System32\kernel.appcore.dll
0x00007fff812e0000 - 0x00007fff812f7000 	C:\WINDOWS\System32\cryptsp.dll
0x000000006e240000 - 0x000000006e249000 	C:\Program Files\Java\jdk1.8.0_181\jre\bin\dt_socket.dll
0x00007fff68820000 - 0x00007fff68836000 	C:\WINDOWS\system32\napinsp.dll
0x00007fff68800000 - 0x00007fff6881a000 	C:\WINDOWS\system32\pnrpnsp.dll
0x00007fff80510000 - 0x00007fff80577000 	C:\WINDOWS\System32\mswsock.dll
0x00007fff80260000 - 0x00007fff8032a000 	C:\WINDOWS\SYSTEM32\DNSAPI.dll
0x00007fff83890000 - 0x00007fff83898000 	C:\WINDOWS\System32\NSI.dll
0x00007fff80220000 - 0x00007fff8025a000 	C:\WINDOWS\SYSTEM32\IPHLPAPI.DLL
0x00007fff69c00000 - 0x00007fff69c0e000 	C:\WINDOWS\System32\winrnr.dll
0x00007fff7d020000 - 0x00007fff7d03c000 	C:\WINDOWS\system32\NLAapi.dll
0x00007fff6d6d0000 - 0x00007fff6d6e5000 	C:\WINDOWS\system32\wshbth.dll
0x00007fff78550000 - 0x00007fff785c7000 	C:\WINDOWS\System32\fwpuclnt.dll
0x00007fff81be0000 - 0x00007fff81c06000 	C:\WINDOWS\System32\bcrypt.dll
0x00007fff736c0000 - 0x00007fff736ca000 	C:\Windows\System32\rasadhlp.dll
0x000000006f3d0000 - 0x000000006f3dd000 	C:\Program Files\Java\jdk1.8.0_181\jre\bin\management.dll
0x000000006f450000 - 0x000000006f46a000 	C:\Program Files\Java\jdk1.8.0_181\jre\bin\net.dll
0x000000006f430000 - 0x000000006f441000 	C:\Program Files\Java\jdk1.8.0_181\jre\bin\nio.dll
0x00007fff80080000 - 0x00007fff800b3000 	C:\WINDOWS\system32\rsaenh.dll
0x00007fff80bc0000 - 0x00007fff80be5000 	C:\WINDOWS\SYSTEM32\USERENV.dll
0x00007fff806e0000 - 0x00007fff806ec000 	C:\WINDOWS\SYSTEM32\CRYPTBASE.dll
0x00007fff78830000 - 0x00007fff78846000 	C:\WINDOWS\SYSTEM32\dhcpcsvc6.DLL
0x00007fff79510000 - 0x00007fff7952c000 	C:\WINDOWS\SYSTEM32\dhcpcsvc.DLL
0x00007fff7f5c0000 - 0x00007fff7f7b4000 	C:\WINDOWS\SYSTEM32\dbghelp.dll

VM Arguments:
jvm_args: -agentlib:jdwp=transport=dt_socket,suspend=y,address=localhost:58624 -Dcom.sun.management.jmxremote -Dcom.sun.management.jmxremote.port=58623 -Dcom.sun.management.jmxremote.authenticate=false -Dcom.sun.management.jmxremote.ssl=false -Djava.rmi.server.hostname=localhost -Dspring.jmx.enabled=true -Dspring.application.admin.enabled=true -Xverify:none -XX:TieredStopAtLevel=1 -Dspring.boot.project.name=demo -Dfile.encoding=UTF-8 
java_command: edu.swjtuhc.demo.DemoApplication --spring.output.ansi.enabled=always
java_class_path (initial): C:\Users\Asus\git\repository\demo\target\classes;D:\sts-4.4.1.RELEASE\plugins\org.junit_4.12.0.v201504281640\junit.jar;D:\sts-4.4.1.RELEASE\plugins\org.hamcrest.core_1.3.0.v20180420-1519.jar;C:\Users\Asus\.m2\repository\commons-collections\commons-collections\3.2.2\commons-collections-3.2.2.jar;C:\Users\Asus\.m2\repository\net\sf\json-lib\json-lib\2.4\json-lib-2.4-jdk15.jar;C:\Users\Asus\.m2\repository\commons-beanutils\commons-beanutils\1.8.0\commons-beanutils-1.8.0.jar;C:\Users\Asus\.m2\repository\commons-lang\commons-lang\2.5\commons-lang-2.5.jar;C:\Users\Asus\.m2\repository\commons-logging\commons-logging\1.1.1\commons-logging-1.1.1.jar;C:\Users\Asus\.m2\repository\net\sf\ezmorph\ezmorph\1.0.6\ezmorph-1.0.6.jar;C:\Users\Asus\.m2\repository\mysql\mysql-connector-java\8.0.18\mysql-connector-java-8.0.18.jar;C:\Users\Asus\.m2\repository\org\springframework\boot\spring-boot-starter-web\2.2.0.RELEASE\spring-boot-starter-web-2.2.0.RELEASE.jar;C:\Users\Asus\.m2\repository\org\springframework\boot\spring-boot-starter\2.2.0.RELEASE\spring-boot-starter-2.2.0.RELEASE.jar;C:\Users\Asus\.m2\repository\org\springframework\boot\spring-boot\2.2.0.RELEASE\spring-boot-2.2.0.RELEASE.jar;C:\Users\Asus\.m2\repository\org\springframework\boot\spring-boot-autoconfigure\2.2.0.RELEASE\spring-boot-autoconfigure-2.2.0.RELEASE.jar;C:\Users\Asus\.m2\repository\org\springframework\boot\spring-boot-starter-logging\2.2.0.RELEASE\spring-boot-starter-logging-2.2.0.RELEASE.jar;C:\Users\Asus\.m2\repository\ch\qos\logback\logback-classic\1.2.3\logback-classic-1.2.3.jar;C:\Users\Asus\.m2\repository\ch\qos\logback\logback-core\1.2.3\logback-core-1.2.3.jar;C:\Users\Asus\.m2\repository\org\apache\logging\log4j\log4j-to-slf4j\2.12.1\log4j-to-slf4j-2.12.1.jar;C:\Users\Asus\.m2\repository\org\apache\logging\log4j\log4j-api\2.12.1\log4j-api-2.12.1.jar;C:\Users\Asus\.m2\repository\org\slf4j\jul-to-slf4j\1.7.28\jul-to-slf4j-1.7.28.jar;C:\Users\Asus\.m2\repository\jakarta\annotatio
Launcher Type: SUN_STANDARD

Environment Variables:
JAVA_HOME=C:\Program Files\Java\jdk1.8.0_181
PATH=C:\Program Files\Java\jdk1.8.0_181\jre\bin;C:/Program Files/Java/jdk1.8.0_181/bin/../jre/bin/server;C:/Program Files/Java/jdk1.8.0_181/bin/../jre/bin;C:/Program Files/Java/jdk1.8.0_181/bin/../jre/lib/amd64;C:\Users\Asus\AppData\Roaming\Microsoft\Windows\Start Menu\Programs\Python 3.7:C:\Program Files (x86)\Common Files\Oracle\Java\javapath;C:\WINDOWS\system32;C:\WINDOWS;C:\WINDOWS\system32\wbem;C:\ProgramData\oracle\java\javapath;D:\maven\bin;"C:\Program Files\Java\jdk1.8.0_181\bin;C:\Program Files\Java\jdk1.8.0_181\bin\tool.jar";D:\;D:\Git\cmd;D:\bin\;C:\Users\Asus\AppData\Local\Programs\Java\javapath:C:\Program Files (x86)\Common Files\Oracle\Java\javapath;C:\Users\Asus\AppData\Local\Programs\Python\Python37-32\;C:\Users\Asus\AppData\Local\Microsoft\WindowsApps;D:\Users\Asus\AppData\Local\Programs\Microsoft VS Code\bin;C:\Users\Asus\AppData\Roaming\npm;C:\Users\Asus\AppData\Local\Yarn\bin;D:\sts-4.4.1.RELEASE;
USERNAME=Asus
OS=Windows_NT
PROCESSOR_IDENTIFIER=Intel64 Family 6 Model 142 Stepping 10, GenuineIntel



---------------  S Y S T E M  ---------------

OS: Windows 10.0 , 64 bit Build 18362 (10.0.18362.329)

CPU:total 8 (initial active 8) (4 cores per cpu, 2 threads per core) family 6 model 142 stepping 10, cmov, cx8, fxsr, mmx, sse, sse2, sse3, ssse3, sse4.1, sse4.2, popcnt, avx, avx2, aes, clmul, erms, 3dnowpref, lzcnt, ht, tsc, tscinvbit, bmi1, bmi2, adx

Memory: 4k page, physical 8269560k(875032k free), swap 14443264k(1953092k free)

vm_info: Java HotSpot(TM) 64-Bit Server VM (25.181-b13) for windows-amd64 JRE (1.8.0_181-b13), built on Jul  7 2018 04:01:33 by "java_re" with MS VC++ 10.0 (VS2010)

time: Thu Jan 02 00:03:39 2020
elapsed time: 334 seconds (0d 0h 5m 34s)

